<?xml version="1.0" encoding="UTF-8"?>
<!-- Generated by org.testng.reporters.JUnitReportReporter -->
<testsuite hostname="Moinak" failures="0" tests="2" name="UserValidatorTest" time="0.025" errors="0" timestamp="2023-10-30T18:29:09 IST" skipped="0">
  <testcase classname="UserValidatorTest" name="testInvalidUser" time="0.024"/>
  <testcase classname="UserValidatorTest" name="testValidUser" time="0.001"/>
</testsuite> <!-- UserValidatorTest -->
